<?xml version="1.0" encoding="UTF-8"?>
<coverage generated="1574160422815" clover="3.2.0">
  <project timestamp="1574160422815" name="All files">
    <metrics statements="20" coveredstatements="14" conditionals="12" coveredconditionals="7" methods="9" coveredmethods="3" elements="41" coveredelements="24" complexity="0" loc="20" ncloc="20" packages="1" files="2" classes="2"/>
    <file name="accordian.stories.js" path="C:\Users\shawilso2\Downloads\poc-shop\src\shared\components\accordian\accordian.stories.js">
      <metrics statements="5" coveredstatements="2" conditionals="0" coveredconditionals="0" methods="3" coveredmethods="0"/>
      <line num="7" count="1" type="stmt"/>
      <line num="17" count="1" type="stmt"/>
      <line num="18" count="0" type="stmt"/>
      <line num="19" count="0" type="stmt"/>
      <line num="20" count="0" type="stmt"/>
    </file>
    <file name="index.js" path="C:\Users\shawilso2\Downloads\poc-shop\src\shared\components\accordian\index.js">
      <metrics statements="15" coveredstatements="12" conditionals="12" coveredconditionals="7" methods="6" coveredmethods="3"/>
      <line num="4" count="1" type="stmt"/>
      <line num="14" count="1" type="stmt"/>
      <line num="23" count="1" type="stmt"/>
      <line num="29" count="1" type="stmt"/>
      <line num="34" count="0" type="cond" truecount="0" falsecount="2"/>
      <line num="36" count="1" type="stmt"/>
      <line num="39" count="1" type="stmt"/>
      <line num="50" count="1" type="stmt"/>
      <line num="52" count="1" type="stmt"/>
      <line num="59" count="1" type="stmt"/>
      <line num="60" count="0" type="cond" truecount="0" falsecount="2"/>
      <line num="63" count="1" type="stmt"/>
      <line num="66" count="3" type="stmt"/>
      <line num="67" count="0" type="stmt"/>
      <line num="76" count="8" type="stmt"/>
    </file>
  </project>
</coverage>
