{"C:\\Users\\shawilso2\\Downloads\\poc-shop\\src\\shared\\components\\accordian\\accordian.stories.js": {"path":"C:\\Users\\shawilso2\\Downloads\\poc-shop\\src\\shared\\components\\accordian\\accordian.stories.js","statementMap":{"0":{"start":{"line":7,"column":23},"end":{"line":15,"column":2}},"1":{"start":{"line":17,"column":0},"end":{"line":23,"column":9}},"2":{"start":{"line":18,"column":25},"end":{"line":18,"column":72}},"3":{"start":{"line":19,"column":29},"end":{"line":19,"column":60}},"4":{"start":{"line":20,"column":32},"end":{"line":23,"column":8}}},"fnMap":{"0":{"name":"(anonymous_0)","decl":{"start":{"line":18,"column":16},"end":{"line":18,"column":17}},"loc":{"start":{"line":18,"column":25},"end":{"line":18,"column":72}},"line":18},"1":{"name":"(anonymous_1)","decl":{"start":{"line":19,"column":23},"end":{"line":19,"column":24}},"loc":{"start":{"line":19,"column":29},"end":{"line":19,"column":60}},"line":19},"2":{"name":"(anonymous_2)","decl":{"start":{"line":20,"column":26},"end":{"line":20,"column":27}},"loc":{"start":{"line":20,"column":32},"end":{"line":23,"column":8}},"line":20}},"branchMap":{},"s":{"0":1,"1":1,"2":0,"3":0,"4":0},"f":{"0":0,"1":0,"2":0},"b":{},"_coverageSchema":"43e27e138ebf9cfc5966b082cf9a028302ed4184","hash":"f5228685aa7b3539275d97e12bd30d8d87efb054"}
,"C:\\Users\\shawilso2\\Downloads\\poc-shop\\src\\shared\\components\\accordian\\index.js": {"path":"C:\\Users\\shawilso2\\Downloads\\poc-shop\\src\\shared\\components\\accordian\\index.js","statementMap":{"0":{"start":{"line":4,"column":25},"end":{"line":12,"column":1}},"1":{"start":{"line":14,"column":22},"end":{"line":21,"column":1}},"2":{"start":{"line":23,"column":31},"end":{"line":27,"column":1}},"3":{"start":{"line":29,"column":14},"end":{"line":35,"column":1}},"4":{"start":{"line":34,"column":22},"end":{"line":34,"column":51}},"5":{"start":{"line":36,"column":26},"end":{"line":38,"column":1}},"6":{"start":{"line":39,"column":20},"end":{"line":47,"column":1}},"7":{"start":{"line":50,"column":42},"end":{"line":50,"column":56}},"8":{"start":{"line":52,"column":25},"end":{"line":57,"column":3}},"9":{"start":{"line":59,"column":22},"end":{"line":61,"column":3}},"10":{"start":{"line":60,"column":4},"end":{"line":60,"column":72}},"11":{"start":{"line":63,"column":2},"end":{"line":82,"column":15}},"12":{"start":{"line":66,"column":6},"end":{"line":80,"column":23}},"13":{"start":{"line":67,"column":40},"end":{"line":67,"column":62}},"14":{"start":{"line":76,"column":36},"end":{"line":78,"column":28}}},"fnMap":{"0":{"name":"(anonymous_0)","decl":{"start":{"line":34,"column":13},"end":{"line":34,"column":14}},"loc":{"start":{"line":34,"column":22},"end":{"line":34,"column":51}},"line":34},"1":{"name":"(anonymous_1)","decl":{"start":{"line":49,"column":15},"end":{"line":49,"column":16}},"loc":{"start":{"line":49,"column":32},"end":{"line":83,"column":1}},"line":49},"2":{"name":"(anonymous_2)","decl":{"start":{"line":59,"column":22},"end":{"line":59,"column":23}},"loc":{"start":{"line":59,"column":30},"end":{"line":61,"column":3}},"line":59},"3":{"name":"(anonymous_3)","decl":{"start":{"line":65,"column":17},"end":{"line":65,"column":18}},"loc":{"start":{"line":66,"column":6},"end":{"line":80,"column":23}},"line":66},"4":{"name":"(anonymous_4)","decl":{"start":{"line":67,"column":34},"end":{"line":67,"column":35}},"loc":{"start":{"line":67,"column":40},"end":{"line":67,"column":62}},"line":67},"5":{"name":"(anonymous_5)","decl":{"start":{"line":76,"column":28},"end":{"line":76,"column":29}},"loc":{"start":{"line":76,"column":36},"end":{"line":78,"column":28}},"line":76}},"branchMap":{"0":{"loc":{"start":{"line":34,"column":22},"end":{"line":34,"column":51}},"type":"cond-expr","locations":[{"start":{"line":34,"column":35},"end":{"line":34,"column":42}},{"start":{"line":34,"column":45},"end":{"line":34,"column":51}}],"line":34},"1":{"loc":{"start":{"line":60,"column":4},"end":{"line":60,"column":71}},"type":"cond-expr","locations":[{"start":{"line":60,"column":28},"end":{"line":60,"column":49}},{"start":{"line":60,"column":52},"end":{"line":60,"column":71}}],"line":60},"2":{"loc":{"start":{"line":68,"column":11},"end":{"line":68,"column":73}},"type":"binary-expr","locations":[{"start":{"line":68,"column":11},"end":{"line":68,"column":24}},{"start":{"line":68,"column":28},"end":{"line":68,"column":73}}],"line":68},"3":{"loc":{"start":{"line":70,"column":11},"end":{"line":73,"column":59}},"type":"binary-expr","locations":[{"start":{"line":70,"column":11},"end":{"line":70,"column":23}},{"start":{"line":71,"column":13},"end":{"line":73,"column":58}}],"line":70},"4":{"loc":{"start":{"line":71,"column":13},"end":{"line":73,"column":58}},"type":"cond-expr","locations":[{"start":{"line":72,"column":16},"end":{"line":72,"column":67}},{"start":{"line":73,"column":16},"end":{"line":73,"column":58}}],"line":71},"5":{"loc":{"start":{"line":75,"column":9},"end":{"line":79,"column":21}},"type":"binary-expr","locations":[{"start":{"line":75,"column":9},"end":{"line":75,"column":21}},{"start":{"line":75,"column":25},"end":{"line":79,"column":21}}],"line":75}},"s":{"0":1,"1":1,"2":1,"3":1,"4":0,"5":1,"6":1,"7":1,"8":1,"9":1,"10":0,"11":1,"12":3,"13":0,"14":8},"f":{"0":0,"1":1,"2":0,"3":3,"4":0,"5":8},"b":{"0":[0,0],"1":[0,0],"2":[3,1],"3":[3,2],"4":[0,2],"5":[3,2]},"_coverageSchema":"43e27e138ebf9cfc5966b082cf9a028302ed4184","hash":"4fe8d38ee66eeaa76b1ab4aefd592c3ccb4043a9"}
}
