TN:
SF:C:\Users\shawilso2\Downloads\poc-shop\src\shared\components\accordian\accordian.stories.js
FN:18,(anonymous_0)
FN:19,(anonymous_1)
FN:20,(anonymous_2)
FNF:3
FNH:0
FNDA:0,(anonymous_0)
FNDA:0,(anonymous_1)
FNDA:0,(anonymous_2)
DA:7,1
DA:17,1
DA:18,0
DA:19,0
DA:20,0
LF:5
LH:2
BRF:0
BRH:0
end_of_record
TN:
SF:C:\Users\shawilso2\Downloads\poc-shop\src\shared\components\accordian\index.js
FN:34,(anonymous_0)
FN:49,(anonymous_1)
FN:59,(anonymous_2)
FN:65,(anonymous_3)
FN:67,(anonymous_4)
FN:76,(anonymous_5)
FNF:6
FNH:3
FNDA:0,(anonymous_0)
FNDA:1,(anonymous_1)
FNDA:0,(anonymous_2)
FNDA:3,(anonymous_3)
FNDA:0,(anonymous_4)
FNDA:8,(anonymous_5)
DA:4,1
DA:14,1
DA:23,1
DA:29,1
DA:34,0
DA:36,1
DA:39,1
DA:50,1
DA:52,1
DA:59,1
DA:60,0
DA:63,1
DA:66,3
DA:67,0
DA:76,8
LF:15
LH:12
BRDA:34,0,0,0
BRDA:34,0,1,0
BRDA:60,1,0,0
BRDA:60,1,1,0
BRDA:68,2,0,3
BRDA:68,2,1,1
BRDA:70,3,0,3
BRDA:70,3,1,2
BRDA:71,4,0,0
BRDA:71,4,1,2
BRDA:75,5,0,3
BRDA:75,5,1,2
BRF:12
BRH:7
end_of_record
